<?xml version="1.0" encoding="UTF-8"?>
<!-- Generated by org.testng.reporters.JUnitReportReporter -->
<testsuite hostname="DESKTOP-P273D2L" name="com.ebay.wipro.testcases.EbayOrders" tests="1" failures="0" timestamp="2 Mar 2019 18:38:43 GMT" time="83.602" errors="0">
  <testcase name="ebay_PlaceOrder" time="83.602" classname="com.ebay.wipro.testcases.EbayOrders"/>
</testsuite> <!-- com.ebay.wipro.testcases.EbayOrders -->
